# JRE version: Java(TM) SE Runtime Environment (8.0_144-b01) (build 1.8.0_144-b01)
# Java VM: Java HotSpot(TM) 64-Bit Server VM (25.144-b01 mixed mode bsd-amd64 compressed oops)
Heap:
 PSYoungGen      total 391680K, used 391200K [0x0000000795580000, 0x00000007bfc80000, 0x00000007c0000000)
  eden space 390656K, 100% used [0x0000000795580000,0x00000007ad300000,0x00000007ad300000)
  from space 1024K, 53% used [0x00000007bfb80000,0x00000007bfc08000,0x00000007bfc80000)
  to   space 1024K, 0% used [0x00000007bfa80000,0x00000007bfa80000,0x00000007bfb80000)
 ParOldGen       total 87552K, used 29960K [0x0000000740000000, 0x0000000745580000, 0x0000000795580000)
  object space 87552K, 34% used [0x0000000740000000,0x0000000741d42358,0x0000000745580000)
 Metaspace       used 5667K, capacity 6208K, committed 6272K, reserved 1056768K
  class space    used 589K, capacity 624K, committed 640K, reserved 1048576K
GC Heap History (10 events):
Event: 41.302 GC heap before
{Heap before GC invocations=144 (full 0):
 PSYoungGen      total 495104K, used 493952K [0x0000000795580000, 0x00000007bfe00000, 0x00000007c0000000)
  eden space 493568K, 100% used [0x0000000795580000,0x00000007b3780000,0x00000007b3780000)
  from space 1536K, 25% used [0x00000007bfb00000,0x00000007bfb60000,0x00000007bfc80000)
  to   space 1024K, 0% used [0x00000007bfd00000,0x00000007bfd00000,0x00000007bfe00000)
 ParOldGen       total 87552K, used 29864K [0x0000000740000000, 0x0000000745580000, 0x0000000795580000)
  object space 87552K, 34% used [0x0000000740000000,0x0000000741d2a358,0x0000000745580000)
 Metaspace       used 5659K, capacity 6208K, committed 6272K, reserved 1056768K
  class space    used 588K, capacity 624K, committed 640K, reserved 1048576K
Event: 41.302 GC heap after
Heap after GC invocations=144 (full 0):
 PSYoungGen      total 471040K, used 288K [0x0000000795580000, 0x00000007bfd80000, 0x00000007c0000000)
  eden space 470528K, 0% used [0x0000000795580000,0x0000000795580000,0x00000007b2100000)
  from space 512K, 56% used [0x00000007bfd00000,0x00000007bfd48000,0x00000007bfd80000)
  to   space 1024K, 0% used [0x00000007bfb80000,0x00000007bfb80000,0x00000007bfc80000)
 ParOldGen       total 87552K, used 29872K [0x0000000740000000, 0x0000000745580000, 0x0000000795580000)
  object space 87552K, 34% used [0x0000000740000000,0x0000000741d2c358,0x0000000745580000)
 Metaspace       used 5659K, capacity 6208K, committed 6272K, reserved 1056768K
  class space    used 588K, capacity 624K, committed 640K, reserved 1048576K
}
Event: 41.589 GC heap before
{Heap before GC invocations=145 (full 0):
 PSYoungGen      total 471040K, used 470816K [0x0000000795580000, 0x00000007bfd80000, 0x00000007c0000000)
  eden space 470528K, 100% used [0x0000000795580000,0x00000007b2100000,0x00000007b2100000)
  from space 512K, 56% used [0x00000007bfd00000,0x00000007bfd48000,0x00000007bfd80000)
  to   space 1024K, 0% used [0x00000007bfb80000,0x00000007bfb80000,0x00000007bfc80000)
 ParOldGen       total 87552K, used 29872K [0x0000000740000000, 0x0000000745580000, 0x0000000795580000)
  object space 87552K, 34% used [0x0000000740000000,0x0000000741d2c358,0x0000000745580000)
 Metaspace       used 5659K, capacity 6208K, committed 6272K, reserved 1056768K
  class space    used 588K, capacity 624K, committed 640K, reserved 1048576K
Event: 41.590 GC heap after
Heap after GC invocations=145 (full 0):
 PSYoungGen      total 450048K, used 64K [0x0000000795580000, 0x00000007bfd80000, 0x00000007c0000000)
  eden space 449024K, 0% used [0x0000000795580000,0x0000000795580000,0x00000007b0c00000)
  from space 1024K, 6% used [0x00000007bfb80000,0x00000007bfb90000,0x00000007bfc80000)
  to   space 1024K, 0% used [0x00000007bfc80000,0x00000007bfc80000,0x00000007bfd80000)
 ParOldGen       total 87552K, used 29888K [0x0000000740000000, 0x0000000745580000, 0x0000000795580000)
  object space 87552K, 34% used [0x0000000740000000,0x0000000741d30358,0x0000000745580000)
 Metaspace       used 5659K, capacity 6208K, committed 6272K, reserved 1056768K
  class space    used 588K, capacity 624K, committed 640K, reserved 1048576K
}
Event: 41.850 GC heap before
{Heap before GC invocations=146 (full 0):
 PSYoungGen      total 450048K, used 449088K [0x0000000795580000, 0x00000007bfd80000, 0x00000007c0000000)
  eden space 449024K, 100% used [0x0000000795580000,0x00000007b0c00000,0x00000007b0c00000)
  from space 1024K, 6% used [0x00000007bfb80000,0x00000007bfb90000,0x00000007bfc80000)
  to   space 1024K, 0% used [0x00000007bfc80000,0x00000007bfc80000,0x00000007bfd80000)
 ParOldGen       total 87552K, used 29888K [0x0000000740000000, 0x0000000745580000, 0x0000000795580000)
  object space 87552K, 34% used [0x0000000740000000,0x0000000741d30358,0x0000000745580000)
 Metaspace       used 5659K, capacity 6208K, committed 6272K, reserved 1056768K
  class space    used 588K, capacity 624K, committed 640K, reserved 1048576K
Event: 41.852 GC heap after
Heap after GC invocations=146 (full 0):
 PSYoungGen      total 429568K, used 864K [0x0000000795580000, 0x00000007bfd80000, 0x00000007c0000000)
  eden space 428544K, 0% used [0x0000000795580000,0x0000000795580000,0x00000007af800000)
  from space 1024K, 84% used [0x00000007bfc80000,0x00000007bfd58000,0x00000007bfd80000)
  to   space 1536K, 0% used [0x00000007bfa80000,0x00000007bfa80000,0x00000007bfc00000)
 ParOldGen       total 87552K, used 29896K [0x0000000740000000, 0x0000000745580000, 0x0000000795580000)
  object space 87552K, 34% used [0x0000000740000000,0x0000000741d32358,0x0000000745580000)
 Metaspace       used 5659K, capacity 6208K, committed 6272K, reserved 1056768K
  class space    used 588K, capacity 624K, committed 640K, reserved 1048576K
}
Event: 42.087 GC heap before
{Heap before GC invocations=147 (full 0):
 PSYoungGen      total 429568K, used 429408K [0x0000000795580000, 0x00000007bfd80000, 0x00000007c0000000)
  eden space 428544K, 100% used [0x0000000795580000,0x00000007af800000,0x00000007af800000)
  from space 1024K, 84% used [0x00000007bfc80000,0x00000007bfd58000,0x00000007bfd80000)
  to   space 1536K, 0% used [0x00000007bfa80000,0x00000007bfa80000,0x00000007bfc00000)
 ParOldGen       total 87552K, used 29896K [0x0000000740000000, 0x0000000745580000, 0x0000000795580000)
  object space 87552K, 34% used [0x0000000740000000,0x0000000741d32358,0x0000000745580000)
 Metaspace       used 5659K, capacity 6208K, committed 6272K, reserved 1056768K
  class space    used 588K, capacity 624K, committed 640K, reserved 1048576K
Event: 42.088 GC heap after
Heap after GC invocations=147 (full 0):
 PSYoungGen      total 409600K, used 416K [0x0000000795580000, 0x00000007bfd00000, 0x00000007c0000000)
  eden space 409088K, 0% used [0x0000000795580000,0x0000000795580000,0x00000007ae500000)
  from space 512K, 81% used [0x00000007bfa80000,0x00000007bfae8000,0x00000007bfb00000)
  to   space 1536K, 0% used [0x00000007bfb80000,0x00000007bfb80000,0x00000007bfd00000)
 ParOldGen       total 87552K, used 29952K [0x0000000740000000, 0x0000000745580000, 0x0000000795580000)
  object space 87552K, 34% used [0x0000000740000000,0x0000000741d40358,0x0000000745580000)
 Metaspace       used 5659K, capacity 6208K, committed 6272K, reserved 1056768K
  class space    used 588K, capacity 624K, committed 640K, reserved 1048576K
}
Event: 42.331 GC heap before
{Heap before GC invocations=148 (full 0):
 PSYoungGen      total 409600K, used 409504K [0x0000000795580000, 0x00000007bfd00000, 0x00000007c0000000)
  eden space 409088K, 100% used [0x0000000795580000,0x00000007ae500000,0x00000007ae500000)
  from space 512K, 81% used [0x00000007bfa80000,0x00000007bfae8000,0x00000007bfb00000)
  to   space 1536K, 0% used [0x00000007bfb80000,0x00000007bfb80000,0x00000007bfd00000)
 ParOldGen       total 87552K, used 29952K [0x0000000740000000, 0x0000000745580000, 0x0000000795580000)
  object space 87552K, 34% used [0x0000000740000000,0x0000000741d40358,0x0000000745580000)
 Metaspace       used 5659K, capacity 6208K, committed 6272K, reserved 1056768K
  class space    used 588K, capacity 624K, committed 640K, reserved 1048576K
Event: 42.332 GC heap after
Heap after GC invocations=148 (full 0):
 PSYoungGen      total 391680K, used 544K [0x0000000795580000, 0x00000007bfc80000, 0x00000007c0000000)
  eden space 390656K, 0% used [0x0000000795580000,0x0000000795580000,0x00000007ad300000)
  from space 1024K, 53% used [0x00000007bfb80000,0x00000007bfc08000,0x00000007bfc80000)
  to   space 1024K, 0% used [0x00000007bfa80000,0x00000007bfa80000,0x00000007bfb80000)
 ParOldGen       total 87552K, used 29960K [0x0000000740000000, 0x0000000745580000, 0x0000000795580000)
  object space 87552K, 34% used [0x0000000740000000,0x0000000741d42358,0x0000000745580000)
 Metaspace       used 5659K, capacity 6208K, committed 6272K, reserved 1056768K
  class space    used 588K, capacity 624K, committed 640K, reserved 1048576K
}

